    PID TTY      STAT   TIME COMMAND
      1 ?        Ss     0:01 /sbin/init splash
      2 ?        S      0:00 [kthreadd]
      3 ?        I<     0:00 [rcu_gp]
      4 ?        I<     0:00 [rcu_par_gp]
      5 ?        I<     0:00 [netns]
      7 ?        I<     0:00 [kworker/0:0H-events_highpri]
      8 ?        I      0:00 [kworker/u4:0-flush-8:0]
      9 ?        I<     0:00 [kworker/0:1H-events_highpri]
     10 ?        I<     0:00 [mm_percpu_wq]
     11 ?        I      0:00 [rcu_tasks_kthread]
     12 ?        I      0:00 [rcu_tasks_rude_kthread]
     13 ?        I      0:00 [rcu_tasks_trace_kthread]
     14 ?        S      0:00 [ksoftirqd/0]
     15 ?        I      0:00 [rcu_preempt]
     16 ?        S      0:00 [migration/0]
     18 ?        S      0:00 [cpuhp/0]
     19 ?        S      0:00 [cpuhp/1]
     20 ?        S      0:00 [migration/1]
     21 ?        S      0:00 [ksoftirqd/1]
     23 ?        I<     0:00 [kworker/1:0H-events_highpri]
     26 ?        S      0:00 [kdevtmpfs]
     27 ?        I<     0:00 [inet_frag_wq]
     28 ?        S      0:00 [kauditd]
     29 ?        S      0:00 [khungtaskd]
     30 ?        S      0:00 [oom_reaper]
     31 ?        I<     0:00 [writeback]
     32 ?        S      0:00 [kcompactd0]
     33 ?        SN     0:00 [ksmd]
     34 ?        SN     0:00 [khugepaged]
     35 ?        I<     0:00 [kintegrityd]
     36 ?        I<     0:00 [kblockd]
     37 ?        I<     0:00 [blkcg_punt_bio]
     38 ?        I<     0:00 [tpm_dev_wq]
     39 ?        I<     0:00 [edac-poller]
     40 ?        I<     0:00 [devfreq_wq]
     42 ?        S      0:00 [kswapd0]
     43 ?        I      0:00 [kworker/u4:2-flush-8:0]
     49 ?        I<     0:00 [kthrotld]
     51 ?        I<     0:00 [acpi_thermal_pm]
     52 ?        I<     0:00 [kworker/1:1H-events_highpri]
     53 ?        I<     0:00 [mld]
     54 ?        I<     0:00 [ipv6_addrconf]
     59 ?        I<     0:00 [kstrp]
     64 ?        I<     0:00 [zswap-shrink]
     65 ?        I<     0:00 [kworker/u5:0]
    130 ?        I      0:00 [kworker/0:2-events]
    131 ?        I<     0:00 [ata_sff]
    132 ?        S      0:00 [scsi_eh_0]
    133 ?        S      0:00 [scsi_eh_1]
    134 ?        I<     0:00 [scsi_tmf_0]
    135 ?        I<     0:00 [scsi_tmf_1]
    136 ?        S      0:00 [scsi_eh_2]
    137 ?        I<     0:00 [cryptd]
    138 ?        I<     0:00 [scsi_tmf_2]
    139 ?        I      0:00 [kworker/u4:3-events_unbound]
    149 ?        S      0:00 [irq/18-vmwgfx]
    150 ?        S      0:00 [card0-crtc0]
    151 ?        S      0:00 [card0-crtc1]
    152 ?        S      0:00 [card0-crtc2]
    153 ?        S      0:00 [card0-crtc3]
    154 ?        S      0:00 [card0-crtc4]
    155 ?        S      0:00 [card0-crtc5]
    156 ?        S      0:00 [card0-crtc6]
    157 ?        S      0:00 [card0-crtc7]
    254 ?        S      0:00 [jbd2/sda1-8]
    255 ?        I<     0:00 [ext4-rsv-conver]
    307 ?        Ss     0:00 /lib/systemd/systemd-journald
    331 ?        Ss     0:00 /lib/systemd/systemd-udevd
    373 ?        Ss     0:00 /usr/sbin/haveged --Foreground --verbose=1
    456 ?        Ss     0:00 /usr/bin/dbus-daemon --system --address=systemd: --nofork --nopidfile --systemd-activation --syslog-only
    460 ?        Ssl    0:00 /usr/libexec/polkitd --no-debug
    461 ?        Ssl    0:00 /usr/sbin/rsyslogd -n -iNONE
    462 ?        Ss     0:00 /lib/systemd/systemd-logind
    491 ?        I<     0:00 [rpciod]
    492 ?        I<     0:00 [xprtiod]
    493 ?        Ss     0:00 /usr/sbin/cron -f
    497 ?        Ssl    0:00 /usr/sbin/NetworkManager --no-daemon
    508 ?        Ssl    0:00 /usr/sbin/ModemManager
    529 ?        Sl     0:00 /usr/sbin/VBoxService
    541 ?        SLsl   0:00 /usr/sbin/lightdm
    545 ?        Ssl    0:00 /usr/bin/containerd
    557 tty7     Ssl+   0:35 /usr/lib/xorg/Xorg :0 -seat seat0 -auth /var/run/lightdm/root/:0 -nolisten tcp vt7 -novtswitch
    558 tty1     Ss+    0:00 /sbin/agetty -o -p -- \u --noclear - linux
    663 ?        Ssl    0:00 /usr/sbin/dockerd -H fd:// --containerd=/run/containerd/containerd.sock
    689 ?        I      0:00 [kworker/0:4-events]
    764 ?        SNsl   0:00 /usr/libexec/rtkit-daemon
    920 ?        Sl     0:00 lightdm --session-child 14 23
    925 ?        Ss     0:00 /lib/systemd/systemd --user
    926 ?        S      0:00 (sd-pam)
    941 ?        S<sl   0:00 /usr/bin/pipewire
    942 ?        Ssl    0:00 /usr/bin/pipewire-media-session
    943 ?        S<sl   0:00 /usr/bin/pulseaudio --daemonize=no --log-target=journal
    945 ?        Ssl    0:00 xfce4-session
    946 ?        Ss     0:00 /usr/bin/dbus-daemon --session --address=systemd: --nofork --nopidfile --systemd-activation --syslog-only
   1003 ?        S      0:00 /usr/bin/VBoxClient --clipboard
   1005 ?        Sl     0:00 /usr/bin/VBoxClient --clipboard
   1015 ?        S      0:00 /usr/bin/VBoxClient --seamless
   1017 ?        Sl     0:00 /usr/bin/VBoxClient --seamless
   1023 ?        S      0:00 /usr/bin/VBoxClient --draganddrop
   1025 ?        Sl     0:02 /usr/bin/VBoxClient --draganddrop
   1027 ?        S      0:00 /usr/bin/VBoxClient --vmsvga
   1028 ?        Sl     0:00 /usr/bin/VBoxClient --vmsvga
   1034 ?        Ss     0:00 /usr/bin/ssh-agent x-session-manager
   1045 ?        Ssl    0:00 /usr/libexec/at-spi-bus-launcher
   1051 ?        S      0:00 /usr/bin/dbus-daemon --config-file=/usr/share/defaults/at-spi2/accessibility.conf --nofork --print-address 11 --address=unix:path=/run/user/1000/at-spi/bus_0
   1055 ?        Sl     0:00 /usr/lib/x86_64-linux-gnu/xfce4/xfconf/xfconfd
   1061 ?        Sl     0:00 /usr/libexec/at-spi2-registryd --use-gnome-session
   1071 ?        SLs    0:00 /usr/bin/gpg-agent --supervised
   1073 ?        Sl     0:09 xfwm4 --display :0.0 --sm-client-id 2b96228f8-d29b-4923-b39d-ad9afbf83bb6
   1076 ?        Ssl    0:00 /usr/libexec/gvfsd
   1081 ?        Sl     0:00 /usr/libexec/gvfsd-fuse /run/user/1000/gvfs -f
   1098 ?        Sl     0:00 xfsettingsd --display :0.0 --sm-client-id 2037fa523-f860-46a7-a854-1c35a3e5f5d9
   1101 ?        Ssl    0:00 /usr/libexec/upowerd
   1107 ?        Sl     0:01 xfce4-panel --display :0.0 --sm-client-id 2d4e196f9-2d73-4e08-bf8c-11e8374c9e94
   1111 ?        Rl     0:17 Thunar --sm-client-id 296b0c164-a0db-4a3c-bb9c-2f63440d5c38 --daemon
   1116 ?        Sl     0:02 xfdesktop --display :0.0 --sm-client-id 2749a327e-a6e1-460b-b696-dbc6bd97d395
   1117 ?        Sl     0:00 /usr/lib/x86_64-linux-gnu/xfce4/panel/wrapper-2.0 /usr/lib/x86_64-linux-gnu/xfce4/panel/plugins/libwhiskermenu.so 1 27262983 whiskermenu Whisker Menu Show a menu to easily access installed applications
   1122 ?        Sl     0:09 /usr/lib/x86_64-linux-gnu/xfce4/panel/wrapper-2.0 /usr/lib/x86_64-linux-gnu/xfce4/panel/plugins/libcpugraph.so 13 27262984 cpugraph CPU Graph Graphical representation of the CPU load
   1123 ?        Sl     0:00 /usr/lib/x86_64-linux-gnu/xfce4/panel/wrapper-2.0 /usr/lib/x86_64-linux-gnu/xfce4/panel/plugins/libsystray.so 14 27262985 systray Status Tray Plugin Provides status notifier items (application indicators) and legacy systray items
   1124 ?        Sl     0:04 /usr/lib/x86_64-linux-gnu/xfce4/panel/wrapper-2.0 /usr/lib/x86_64-linux-gnu/xfce4/panel/plugins/libgenmon.so 15 27262986 genmon Generic Monitor Show output of a command.
   1125 ?        Sl     0:01 /usr/lib/x86_64-linux-gnu/xfce4/panel/wrapper-2.0 /usr/lib/x86_64-linux-gnu/xfce4/panel/plugins/libpulseaudio-plugin.so 16 27262987 pulseaudio PulseAudio Plugin Adjust the audio volume of the PulseAudio sound system
   1126 ?        Sl     0:00 /usr/lib/x86_64-linux-gnu/xfce4/panel/wrapper-2.0 /usr/lib/x86_64-linux-gnu/xfce4/panel/plugins/libnotification-plugin.so 17 27262988 notification-plugin Notification Plugin Notification plugin for the Xfce panel
   1127 ?        Sl     0:00 /usr/lib/x86_64-linux-gnu/xfce4/panel/wrapper-2.0 /usr/lib/x86_64-linux-gnu/xfce4/panel/plugins/libxfce4powermanager.so 18 27262989 power-manager-plugin Power Manager Plugin Display the battery levels of your devices and control the brightness of your display
   1128 ?        Sl     0:00 /usr/lib/x86_64-linux-gnu/xfce4/panel/wrapper-2.0 /usr/lib/x86_64-linux-gnu/xfce4/panel/plugins/libactions.so 22 27262990 actions Action Buttons Log out, lock or other system actions
   1152 ?        Ssl    0:00 /usr/lib/x86_64-linux-gnu/xfce4/notifyd/xfce4-notifyd
   1178 ?        Sl     0:00 xfce4-power-manager --restart --sm-client-id 22e096a2f-fa05-4d7b-ad5b-9b78b5f14d5e
   1180 ?        SNl    0:00 /usr/lib/x86_64-linux-gnu/tumbler-1/tumblerd
   1185 ?        Sl     0:00 nm-applet
   1186 ?        Sl     0:00 light-locker
   1187 ?        Sl     0:00 xiccd
   1188 ?        Sl     0:00 /usr/lib/policykit-1-gnome/polkit-gnome-authentication-agent-1
   1193 ?        Sl     0:00 /usr/bin/python3 /usr/bin/blueman-applet
   1199 ?        Ssl    0:00 /usr/libexec/colord
   1200 ?        Ssl    0:00 /usr/libexec/dconf-service
   1217 ?        Ssl    0:00 xcape -e Super_L Control_L Escape
   1218 ?        Sl     0:00 /usr/libexec/geoclue-2.0/demos/agent
   1266 ?        Ssl    0:00 /usr/libexec/gvfs-udisks2-volume-monitor
   1269 ?        Ssl    0:00 /usr/libexec/udisks2/udisksd
   1287 ?        Ssl    0:00 /usr/libexec/gvfs-gphoto2-volume-monitor
   1291 ?        Ssl    0:00 /usr/libexec/gvfs-goa-volume-monitor
   1295 ?        Ssl    0:00 /usr/libexec/gvfs-mtp-volume-monitor
   1299 ?        Ssl    0:00 /usr/libexec/gvfs-afc-volume-monitor
   1308 ?        Sl     0:00 /usr/libexec/gvfsd-trash --spawner :1.16 /org/gtk/gvfs/exec_spaw/0
   1314 ?        Ssl    0:00 /usr/libexec/gvfsd-metadata
   1327 ?        Ss     0:00 /usr/libexec/bluetooth/obexd
   1448 ?        Ss     0:00 sshd: /usr/sbin/sshd -D [listener] 0 of 10-100 startups
   2220 ?        Ss     0:00 sshd: krazhevskiy13 [priv]
   2230 ?        S      0:00 sshd: krazhevskiy13@pts/1
   2231 pts/1    Ss     0:04 -zsh
   2798 pts/1    T      0:00 top
   3275 ?        I      0:00 [kworker/1:2-ata_sff]
   4767 ?        I      0:00 [kworker/1:0-events]
   6143 ?        I      0:00 [kworker/0:0]
   6219 ?        I      0:00 [kworker/1:1-ata_sff]
   6718 ?        I      0:00 [kworker/u4:1-events_unbound]
   7004 pts/1    S+     0:00 script -ttimelog7krazhevskiy13u task7krazhevskiy13u
   7005 pts/0    Ss     0:00 zsh -i
   7307 pts/0    R+     0:00 ps -ax
